<?xml version="1.0" encoding="UTF-8"?>
<!-- Generated by org.testng.reporters.JUnitReportReporter -->
<testsuite hostname="Hastashilp-PC" failures="0" tests="1" name="demo1jenkins.Test3" time="0.005" errors="0" timestamp="2022-09-13T14:41:34 IST" skipped="0">
  <testcase classname="demo1jenkins.Test3" name="tc3" time="0.005"/>
  <system-out>
    <![CDATA[hello  selenium]]>
  </system-out>
</testsuite> <!-- demo1jenkins.Test3 -->
