<?xml version="1.0" encoding="UTF-8"?>
<!-- Generated by org.testng.reporters.JUnitReportReporter -->
<testsuite hostname="Hastashilp-PC" failures="0" tests="1" name="demo1jenkins.Test1" time="0.004" errors="0" timestamp="2022-09-13T14:41:34 IST" skipped="0">
  <testcase classname="demo1jenkins.Test1" name="tc1" time="0.004"/>
  <system-out>
    <![CDATA[hello java]]>
  </system-out>
</testsuite> <!-- demo1jenkins.Test1 -->
